<?xml version="1.0" encoding="UTF-8"?>
<testng-results ignored="0" total="3" passed="2" failed="1" skipped="0">
  <reporter-output>
  </reporter-output>
  <suite started-at="2024-10-08T09:40:19 IST" name="Suite" finished-at="2024-10-08T09:40:45 IST" duration-ms="26114">
    <groups>
    </groups>
    <test started-at="2024-10-08T09:40:19 IST" name="Test1" finished-at="2024-10-08T09:40:24 IST" duration-ms="5067">
      <class name="com.SeleniumGrid.ParallelTestonGrid">
        <test-method signature="testparallel(java.lang.String)[pri:0, instance:com.SeleniumGrid.ParallelTestonGrid@3835c46]" started-at="2024-10-08T09:40:19 IST" name="testparallel" finished-at="2024-10-08T09:40:24 IST" duration-ms="5017" status="FAIL">
          <params>
            <param index="0">
              <value>
                <![CDATA[chrome]]>
              </value>
            </param>
          </params>
          <exception class="java.lang.NullPointerException">
            <message>
              <![CDATA[Cannot invoke "org.openqa.selenium.WebDriver.get(String)" because "this.driver" is null]]>
            </message>
            <full-stacktrace>
              <![CDATA[java.lang.NullPointerException: Cannot invoke "org.openqa.selenium.WebDriver.get(String)" because "this.driver" is null
at com.SeleniumGrid.ParallelTestonGrid.testparallel(ParallelTestonGrid.java:39)
at java.base/jdk.internal.reflect.DirectMethodHandleAccessor.invoke(DirectMethodHandleAccessor.java:103)
at java.base/java.lang.reflect.Method.invoke(Method.java:580)
at org.testng.internal.MethodInvocationHelper.invokeMethod(MethodInvocationHelper.java:133)
at org.testng.internal.TestInvoker.invokeMethod(TestInvoker.java:598)
at org.testng.internal.TestInvoker.invokeTestMethod(TestInvoker.java:173)
at org.testng.internal.MethodRunner.runInSequence(MethodRunner.java:46)
at org.testng.internal.TestInvoker$MethodInvocationAgent.invoke(TestInvoker.java:824)
at org.testng.internal.TestInvoker.invokeTestMethods(TestInvoker.java:146)
at org.testng.internal.TestMethodWorker.invokeTestMethods(TestMethodWorker.java:146)
at org.testng.internal.TestMethodWorker.run(TestMethodWorker.java:128)
at java.base/java.util.ArrayList.forEach(ArrayList.java:1596)
at org.testng.TestRunner.privateRun(TestRunner.java:794)
at org.testng.TestRunner.run(TestRunner.java:596)
at org.testng.SuiteRunner.runTest(SuiteRunner.java:377)
at org.testng.SuiteRunner.access$000(SuiteRunner.java:28)
at org.testng.SuiteRunner$SuiteWorker.run(SuiteRunner.java:418)
at org.testng.internal.thread.ThreadUtil.lambda$execute$0(ThreadUtil.java:64)
at java.base/java.util.concurrent.FutureTask.run(FutureTask.java:317)
at java.base/java.util.concurrent.ThreadPoolExecutor.runWorker(ThreadPoolExecutor.java:1144)
at java.base/java.util.concurrent.ThreadPoolExecutor$Worker.run(ThreadPoolExecutor.java:642)
at java.base/java.lang.Thread.run(Thread.java:1583)
]]>
            </full-stacktrace>
          </exception> <!-- java.lang.NullPointerException -->
          <reporter-output>
          </reporter-output>
        </test-method> <!-- testparallel -->
      </class> <!-- com.SeleniumGrid.ParallelTestonGrid -->
    </test> <!-- Test1 -->
    <test started-at="2024-10-08T09:40:19 IST" name="Test3" finished-at="2024-10-08T09:40:44 IST" duration-ms="24822">
      <class name="com.SeleniumGrid.ParallelTestonGrid">
        <test-method signature="testparallel(java.lang.String)[pri:0, instance:com.SeleniumGrid.ParallelTestonGrid@38c6f217]" started-at="2024-10-08T09:40:19 IST" name="testparallel" finished-at="2024-10-08T09:40:44 IST" duration-ms="24773" status="PASS">
          <params>
            <param index="0">
              <value>
                <![CDATA[edge]]>
              </value>
            </param>
          </params>
          <reporter-output>
          </reporter-output>
        </test-method> <!-- testparallel -->
      </class> <!-- com.SeleniumGrid.ParallelTestonGrid -->
    </test> <!-- Test3 -->
    <test started-at="2024-10-08T09:40:19 IST" name="Test2" finished-at="2024-10-08T09:40:45 IST" duration-ms="26114">
      <class name="com.SeleniumGrid.ParallelTestonGrid">
        <test-method signature="testparallel(java.lang.String)[pri:0, instance:com.SeleniumGrid.ParallelTestonGrid@5158b42f]" started-at="2024-10-08T09:40:19 IST" name="testparallel" finished-at="2024-10-08T09:40:45 IST" duration-ms="26073" status="PASS">
          <params>
            <param index="0">
              <value>
                <![CDATA[firefox]]>
              </value>
            </param>
          </params>
          <reporter-output>
          </reporter-output>
        </test-method> <!-- testparallel -->
      </class> <!-- com.SeleniumGrid.ParallelTestonGrid -->
    </test> <!-- Test2 -->
  </suite> <!-- Suite -->
</testng-results>
