<?xml version="1.0" encoding="UTF-8"?>
<testng-results ignored="0" total="3" passed="3" failed="0" skipped="0">
  <reporter-output>
  </reporter-output>
  <suite started-at="2024-10-08T20:04:00 IST" name="Suite" finished-at="2024-10-08T20:04:39 IST" duration-ms="38883">
    <groups>
    </groups>
    <test started-at="2024-10-08T20:04:00 IST" name="Test1" finished-at="2024-10-08T20:04:31 IST" duration-ms="31045">
      <class name="com.SeleniumGrid.ParallelTestonGrid">
        <test-method signature="testparallel(java.lang.String)[pri:0, instance:com.SeleniumGrid.ParallelTestonGrid@3835c46]" started-at="2024-10-08T20:04:00 IST" name="testparallel" finished-at="2024-10-08T20:04:31 IST" duration-ms="30994" status="PASS">
          <params>
            <param index="0">
              <value>
                <![CDATA[chrome]]>
              </value>
            </param>
          </params>
          <reporter-output>
          </reporter-output>
        </test-method> <!-- testparallel -->
      </class> <!-- com.SeleniumGrid.ParallelTestonGrid -->
    </test> <!-- Test1 -->
    <test started-at="2024-10-08T20:04:00 IST" name="Test3" finished-at="2024-10-08T20:04:36 IST" duration-ms="35310">
      <class name="com.SeleniumGrid.ParallelTestonGrid">
        <test-method signature="testparallel(java.lang.String)[pri:0, instance:com.SeleniumGrid.ParallelTestonGrid@38c6f217]" started-at="2024-10-08T20:04:00 IST" name="testparallel" finished-at="2024-10-08T20:04:36 IST" duration-ms="35264" status="PASS">
          <params>
            <param index="0">
              <value>
                <![CDATA[edge]]>
              </value>
            </param>
          </params>
          <reporter-output>
          </reporter-output>
        </test-method> <!-- testparallel -->
      </class> <!-- com.SeleniumGrid.ParallelTestonGrid -->
    </test> <!-- Test3 -->
    <test started-at="2024-10-08T20:04:00 IST" name="Test2" finished-at="2024-10-08T20:04:39 IST" duration-ms="38883">
      <class name="com.SeleniumGrid.ParallelTestonGrid">
        <test-method signature="testparallel(java.lang.String)[pri:0, instance:com.SeleniumGrid.ParallelTestonGrid@5158b42f]" started-at="2024-10-08T20:04:00 IST" name="testparallel" finished-at="2024-10-08T20:04:39 IST" duration-ms="38836" status="PASS">
          <params>
            <param index="0">
              <value>
                <![CDATA[firefox]]>
              </value>
            </param>
          </params>
          <reporter-output>
          </reporter-output>
        </test-method> <!-- testparallel -->
      </class> <!-- com.SeleniumGrid.ParallelTestonGrid -->
    </test> <!-- Test2 -->
  </suite> <!-- Suite -->
</testng-results>
